Arguments: 
  /home/joeflip/.nvm/versions/node/v18.1.0/bin/node /usr/share/yarn/bin/yarn.js add typeorm bcrypt reflect-metadata @@yarn add ts-node-dev @types/node -D

PATH: 
  /home/joeflip/.nvm/versions/node/v18.1.0/bin:/home/joeflip/.asdf/shims:/home/joeflip/.asdf/bin:/usr/local/sbin:/usr/local/bin:/usr/sbin:/usr/bin:/sbin:/bin:/usr/games:/usr/local/games:/snap/bin:/snap/bin

Yarn version: 
  1.22.19

Node version: 
  18.1.0

Platform: 
  linux x64

Trace: 
  Error: https://registry.yarnpkg.com/@: Request "https://registry.yarnpkg.com/@" returned a 405
      at params.callback [as _callback] (/usr/share/yarn/lib/cli.js:66154:18)
      at self.callback (/usr/share/yarn/lib/cli.js:140890:22)
      at Request.emit (node:events:527:28)
      at Request.<anonymous> (/usr/share/yarn/lib/cli.js:141862:10)
      at Request.emit (node:events:527:28)
      at IncomingMessage.<anonymous> (/usr/share/yarn/lib/cli.js:141784:12)
      at Object.onceWrapper (node:events:641:28)
      at IncomingMessage.emit (node:events:539:35)
      at endReadableNT (node:internal/streams/readable:1344:12)
      at process.processTicksAndRejections (node:internal/process/task_queues:82:21)

npm manifest: 
  {
    "name": "kenzieBuster",
    "version": "1.0.0",
    "main": "index.js",
    "license": "MIT"
  }

yarn manifest: 
  No manifest

Lockfile: 
  No lockfile
